# JRE version: Java(TM) SE Runtime Environment (21.0.8+12) (build 21.0.8+12-LTS-250)
# Java VM: Java HotSpot(TM) 64-Bit Server VM (21.0.8+12-LTS-250, mixed mode, sharing, tiered, compressed oops, compressed class ptrs, g1 gc, windows-amd64)
GC Precious Log:
 CardTable entry size: 512
 Card Set container configuration: InlinePtr #cards 5 size 8 Array Of Cards #cards 12 size 40 Howl #buckets 4 coarsen threshold 1843 Howl Bitmap #cards 512 size 80 coarsen threshold 460 Card regions per heap region 1 cards per card region 2048
 CPUs: 4 total, 4 available
 Memory: 7880M
 Large Page Support: Disabled
 NUMA Support: Disabled
 Compressed Oops: Enabled (32-bit)
 Heap Region Size: 1M
 Heap Min Capacity: 8M
 Heap Initial Capacity: 124M
 Heap Max Capacity: 1972M
 Pre-touch: Disabled
 Parallel Workers: 4
 Concurrent Workers: 1
 Concurrent Refinement Workers: 4
 Periodic GC: Disabled
Heap:
 garbage-first heap   total 46080K, used 17802K [0x0000000084c00000, 0x0000000100000000)
  region size 1024K, 7 young (7168K), 3 survivors (3072K)
 Metaspace       used 32779K, committed 33216K, reserved 1114112K
  class space    used 3537K, committed 3712K, reserved 1048576K
GC Heap History (20 events):
Event: 5.965 GC heap before
{Heap before GC invocations=3 (full 0):
 garbage-first heap   total 126976K, used 79972K [0x0000000084c00000, 0x0000000100000000)
  region size 1024K, 74 young (75776K), 5 survivors (5120K)
 Metaspace       used 18326K, committed 18496K, reserved 1114112K
  class space    used 1840K, committed 1920K, reserved 1048576K
}
Event: 5.972 GC heap after
{Heap after GC invocations=4 (full 0):
 garbage-first heap   total 126976K, used 10111K [0x0000000084c00000, 0x0000000100000000)
  region size 1024K, 5 young (5120K), 5 survivors (5120K)
 Metaspace       used 18326K, committed 18496K, reserved 1114112K
  class space    used 1840K, committed 1920K, reserved 1048576K
}
Event: 7.326 GC heap before
{Heap before GC invocations=4 (full 0):
 garbage-first heap   total 126976K, used 74623K [0x0000000084c00000, 0x0000000100000000)
  region size 1024K, 69 young (70656K), 5 survivors (5120K)
 Metaspace       used 21269K, committed 21504K, reserved 1114112K
  class space    used 2119K, committed 2240K, reserved 1048576K
}
Event: 7.336 GC heap after
{Heap after GC invocations=5 (full 0):
 garbage-first heap   total 126976K, used 11053K [0x0000000084c00000, 0x0000000100000000)
  region size 1024K, 6 young (6144K), 6 survivors (6144K)
 Metaspace       used 21269K, committed 21504K, reserved 1114112K
  class space    used 2119K, committed 2240K, reserved 1048576K
}
Event: 7.689 GC heap before
{Heap before GC invocations=6 (full 0):
 garbage-first heap   total 37888K, used 27437K [0x0000000084c00000, 0x0000000100000000)
  region size 1024K, 22 young (22528K), 6 survivors (6144K)
 Metaspace       used 21973K, committed 22272K, reserved 1114112K
  class space    used 2196K, committed 2368K, reserved 1048576K
}
Event: 7.701 GC heap after
{Heap after GC invocations=7 (full 0):
 garbage-first heap   total 37888K, used 11776K [0x0000000084c00000, 0x0000000100000000)
  region size 1024K, 3 young (3072K), 3 survivors (3072K)
 Metaspace       used 21973K, committed 22272K, reserved 1114112K
  class space    used 2196K, committed 2368K, reserved 1048576K
}
Event: 8.095 GC heap before
{Heap before GC invocations=7 (full 0):
 garbage-first heap   total 37888K, used 29184K [0x0000000084c00000, 0x0000000100000000)
  region size 1024K, 21 young (21504K), 3 survivors (3072K)
 Metaspace       used 22723K, committed 23040K, reserved 1114112K
  class space    used 2279K, committed 2432K, reserved 1048576K
}
Event: 8.102 GC heap after
{Heap after GC invocations=8 (full 0):
 garbage-first heap   total 37888K, used 11407K [0x0000000084c00000, 0x0000000100000000)
  region size 1024K, 1 young (1024K), 1 survivors (1024K)
 Metaspace       used 22723K, committed 23040K, reserved 1114112K
  class space    used 2279K, committed 2432K, reserved 1048576K
}
Event: 8.639 GC heap before
{Heap before GC invocations=8 (full 0):
 garbage-first heap   total 37888K, used 31887K [0x0000000084c00000, 0x0000000100000000)
  region size 1024K, 21 young (21504K), 1 survivors (1024K)
 Metaspace       used 23701K, committed 24000K, reserved 1114112K
  class space    used 2361K, committed 2496K, reserved 1048576K
}
Event: 8.641 GC heap after
{Heap after GC invocations=9 (full 0):
 garbage-first heap   total 46080K, used 11497K [0x0000000084c00000, 0x0000000100000000)
  region size 1024K, 1 young (1024K), 1 survivors (1024K)
 Metaspace       used 23701K, committed 24000K, reserved 1114112K
  class space    used 2361K, committed 2496K, reserved 1048576K
}
Event: 9.145 GC heap before
{Heap before GC invocations=9 (full 0):
 garbage-first heap   total 46080K, used 38121K [0x0000000084c00000, 0x0000000100000000)
  region size 1024K, 27 young (27648K), 1 survivors (1024K)
 Metaspace       used 25105K, committed 25408K, reserved 1114112K
  class space    used 2528K, committed 2688K, reserved 1048576K
}
Event: 9.148 GC heap after
{Heap after GC invocations=10 (full 0):
 garbage-first heap   total 46080K, used 11777K [0x0000000084c00000, 0x0000000100000000)
  region size 1024K, 1 young (1024K), 1 survivors (1024K)
 Metaspace       used 25105K, committed 25408K, reserved 1114112K
  class space    used 2528K, committed 2688K, reserved 1048576K
}
Event: 9.471 GC heap before
{Heap before GC invocations=10 (full 0):
 garbage-first heap   total 46080K, used 38401K [0x0000000084c00000, 0x0000000100000000)
  region size 1024K, 27 young (27648K), 1 survivors (1024K)
 Metaspace       used 25949K, committed 26240K, reserved 1114112K
  class space    used 2607K, committed 2752K, reserved 1048576K
}
Event: 9.474 GC heap after
{Heap after GC invocations=11 (full 0):
 garbage-first heap   total 46080K, used 11911K [0x0000000084c00000, 0x0000000100000000)
  region size 1024K, 2 young (2048K), 2 survivors (2048K)
 Metaspace       used 25949K, committed 26240K, reserved 1114112K
  class space    used 2607K, committed 2752K, reserved 1048576K
}
Event: 10.767 GC heap before
{Heap before GC invocations=11 (full 0):
 garbage-first heap   total 46080K, used 36487K [0x0000000084c00000, 0x0000000100000000)
  region size 1024K, 27 young (27648K), 2 survivors (2048K)
 Metaspace       used 28071K, committed 28352K, reserved 1114112K
  class space    used 2873K, committed 3008K, reserved 1048576K
}
Event: 10.772 GC heap after
{Heap after GC invocations=12 (full 0):
 garbage-first heap   total 46080K, used 13444K [0x0000000084c00000, 0x0000000100000000)
  region size 1024K, 3 young (3072K), 3 survivors (3072K)
 Metaspace       used 28071K, committed 28352K, reserved 1114112K
  class space    used 2873K, committed 3008K, reserved 1048576K
}
Event: 12.348 GC heap before
{Heap before GC invocations=12 (full 0):
 garbage-first heap   total 46080K, used 38020K [0x0000000084c00000, 0x0000000100000000)
  region size 1024K, 27 young (27648K), 3 survivors (3072K)
 Metaspace       used 30310K, committed 30656K, reserved 1114112K
  class space    used 3189K, committed 3328K, reserved 1048576K
}
Event: 12.357 GC heap after
{Heap after GC invocations=13 (full 0):
 garbage-first heap   total 46080K, used 13993K [0x0000000084c00000, 0x0000000100000000)
  region size 1024K, 3 young (3072K), 3 survivors (3072K)
 Metaspace       used 30310K, committed 30656K, reserved 1114112K
  class space    used 3189K, committed 3328K, reserved 1048576K
}
Event: 16.197 GC heap before
{Heap before GC invocations=13 (full 0):
 garbage-first heap   total 46080K, used 38569K [0x0000000084c00000, 0x0000000100000000)
  region size 1024K, 27 young (27648K), 3 survivors (3072K)
 Metaspace       used 32541K, committed 32960K, reserved 1114112K
  class space    used 3500K, committed 3648K, reserved 1048576K
}
Event: 16.203 GC heap after
{Heap after GC invocations=14 (full 0):
 garbage-first heap   total 46080K, used 14730K [0x0000000084c00000, 0x0000000100000000)
  region size 1024K, 3 young (3072K), 3 survivors (3072K)
 Metaspace       used 32541K, committed 32960K, reserved 1114112K
  class space    used 3500K, committed 3648K, reserved 1048576K
}

