# JRE version: Java(TM) SE Runtime Environment (21.0.8+12) (build 21.0.8+12-LTS-250)
# Java VM: Java HotSpot(TM) 64-Bit Server VM (21.0.8+12-LTS-250, mixed mode, sharing, tiered, compressed oops, compressed class ptrs, g1 gc, windows-amd64)
GC Precious Log:
 CardTable entry size: 512
 Card Set container configuration: InlinePtr #cards 5 size 8 Array Of Cards #cards 12 size 40 Howl #buckets 4 coarsen threshold 1843 Howl Bitmap #cards 512 size 80 coarsen threshold 460 Card regions per heap region 1 cards per card region 2048
 CPUs: 4 total, 4 available
 Memory: 7880M
 Large Page Support: Disabled
 NUMA Support: Disabled
 Compressed Oops: Enabled (32-bit)
 Heap Region Size: 1M
 Heap Min Capacity: 8M
 Heap Initial Capacity: 124M
 Heap Max Capacity: 1972M
 Pre-touch: Disabled
 Parallel Workers: 4
 Concurrent Workers: 1
 Concurrent Refinement Workers: 4
 Periodic GC: Disabled
Heap:
 garbage-first heap   total 126976K, used 21261K [0x0000000084c00000, 0x0000000100000000)
  region size 1024K, 7 young (7168K), 6 survivors (6144K)
 Metaspace       used 18486K, committed 18880K, reserved 1114112K
  class space    used 1898K, committed 2112K, reserved 1048576K
GC Heap History (11 events):
Event: 1.768 GC heap before
{Heap before GC invocations=0 (full 0):
 garbage-first heap   total 126976K, used 13312K [0x0000000084c00000, 0x0000000100000000)
  region size 1024K, 13 young (13312K), 0 survivors (0K)
 Metaspace       used 3882K, committed 4032K, reserved 1114112K
  class space    used 370K, committed 448K, reserved 1048576K
}
Event: 1.775 GC heap after
{Heap after GC invocations=1 (full 0):
 garbage-first heap   total 126976K, used 3392K [0x0000000084c00000, 0x0000000100000000)
  region size 1024K, 2 young (2048K), 2 survivors (2048K)
 Metaspace       used 3882K, committed 4032K, reserved 1114112K
  class space    used 370K, committed 448K, reserved 1048576K
}
Event: 2.448 GC heap before
{Heap before GC invocations=1 (full 0):
 garbage-first heap   total 126976K, used 18752K [0x0000000084c00000, 0x0000000100000000)
  region size 1024K, 18 young (18432K), 2 survivors (2048K)
 Metaspace       used 6315K, committed 6528K, reserved 1114112K
  class space    used 701K, committed 832K, reserved 1048576K
}
Event: 2.453 GC heap after
{Heap after GC invocations=2 (full 0):
 garbage-first heap   total 126976K, used 4360K [0x0000000084c00000, 0x0000000100000000)
  region size 1024K, 1 young (1024K), 1 survivors (1024K)
 Metaspace       used 6315K, committed 6528K, reserved 1114112K
  class space    used 701K, committed 832K, reserved 1048576K
}
Event: 4.484 GC heap before
{Heap before GC invocations=2 (full 0):
 garbage-first heap   total 126976K, used 78088K [0x0000000084c00000, 0x0000000100000000)
  region size 1024K, 74 young (75776K), 1 survivors (1024K)
 Metaspace       used 13353K, committed 13632K, reserved 1114112K
  class space    used 1460K, committed 1600K, reserved 1048576K
}
Event: 4.500 GC heap after
{Heap after GC invocations=3 (full 0):
 garbage-first heap   total 126976K, used 11333K [0x0000000084c00000, 0x0000000100000000)
  region size 1024K, 8 young (8192K), 8 survivors (8192K)
 Metaspace       used 13353K, committed 13632K, reserved 1114112K
  class space    used 1460K, committed 1600K, reserved 1048576K
}
Event: 5.603 GC heap before
{Heap before GC invocations=3 (full 0):
 garbage-first heap   total 126976K, used 78917K [0x0000000084c00000, 0x0000000100000000)
  region size 1024K, 74 young (75776K), 8 survivors (8192K)
 Metaspace       used 14050K, committed 14336K, reserved 1114112K
  class space    used 1477K, committed 1600K, reserved 1048576K
}
Event: 5.623 GC heap after
{Heap after GC invocations=4 (full 0):
 garbage-first heap   total 126976K, used 15360K [0x0000000084c00000, 0x0000000100000000)
  region size 1024K, 4 young (4096K), 4 survivors (4096K)
 Metaspace       used 14050K, committed 14336K, reserved 1114112K
  class space    used 1477K, committed 1600K, reserved 1048576K
}
Event: 7.305 GC heap before
{Heap before GC invocations=4 (full 0):
 garbage-first heap   total 126976K, used 87040K [0x0000000084c00000, 0x0000000100000000)
  region size 1024K, 74 young (75776K), 4 survivors (4096K)
 Metaspace       used 17175K, committed 17600K, reserved 1114112K
  class space    used 1786K, committed 1984K, reserved 1048576K
}
Event: 7.317 GC heap after
{Heap after GC invocations=5 (full 0):
 garbage-first heap   total 126976K, used 19456K [0x0000000084c00000, 0x0000000100000000)
  region size 1024K, 8 young (8192K), 8 survivors (8192K)
 Metaspace       used 17175K, committed 17600K, reserved 1114112K
  class space    used 1786K, committed 1984K, reserved 1048576K
}
Event: 13.778 GC heap before
{Heap before GC invocations=5 (full 0):
 garbage-first heap   total 126976K, used 87040K [0x0000000084c00000, 0x0000000100000000)
  region size 1024K, 74 young (75776K), 8 survivors (8192K)
 Metaspace       used 18486K, committed 18880K, reserved 1114112K
  class space    used 1898K, committed 2112K, reserved 1048576K
}

