2025-11-02 13:42:37 INFO  Baseclass:166 - Created Logger
2025-11-02 13:42:37 INFO  Baseclass:132 - Initiating extent-Report
2025-11-02 13:42:38 INFO  Baseclass:148 -  Extent-Report initiated
2025-11-02 13:42:38 INFO  Baseclass:27 - gng to start tc1
2025-11-02 13:42:38 INFO  Baseclass:78 - initialize_browser
2025-11-02 13:42:38 INFO  Baseclass:83 - "local"
2025-11-02 13:42:38 INFO  Baseclass:104 - hi
2025-11-02 13:42:40 INFO  Baseclass:46 - gng to click login
2025-11-02 13:42:55 INFO  Baseclass:29 - org.openqa.selenium.NoSuchElementException: no such element: Unable to locate element: {"method":"xpath","selector":"//*[@title='My Account']"}
  (Session info: chrome=142.0.7444.59)
For documentation on this error, please visit: https://www.selenium.dev/documentation/webdriver/troubleshooting/errors#nosuchelementexception
Build info: version: '4.37.0', revision: '3c1da1e342'
System info: os.name: 'Windows 11', os.arch: 'amd64', os.version: '10.0', java.version: '21.0.8'
Driver info: org.openqa.selenium.chrome.ChromeDriver
Command: [fe46031c019402083e3462bce31453f6, findElement {using=xpath, value=//*[@title='My Account']}]
Capabilities {acceptInsecureCerts: false, browserName: chrome, browserVersion: 142.0.7444.59, chrome: {chromedriverVersion: 142.0.7444.59 (4b8153ab58d3..., userDataDir: C:\Users\SUJITHA\AppData\Lo...}, fedcm:accounts: true, goog:chromeOptions: {debuggerAddress: localhost:12761}, goog:processID: 2092, networkConnectionEnabled: false, pageLoadStrategy: normal, platformName: windows, proxy: Proxy(), se:cdp: ws://localhost:12761/devtoo..., se:cdpVersion: 142.0.7444.59, setWindowRect: true, strictFileInteractability: false, timeouts: {implicit: 0, pageLoad: 300000, script: 30000}, unhandledPromptBehavior: dismiss and notify, webauthn:extension:credBlob: true, webauthn:extension:largeBlob: true, webauthn:extension:minPinLength: true, webauthn:extension:prf: true, webauthn:virtualAuthenticators: true}
Session ID: fe46031c019402083e3462bce31453f6
2025-11-02 13:43:10 INFO  Baseclass:29 - org.openqa.selenium.ElementNotInteractableException: element not interactable
  (Session info: chrome=142.0.7444.59)
Build info: version: '4.37.0', revision: '3c1da1e342'
System info: os.name: 'Windows 11', os.arch: 'amd64', os.version: '10.0', java.version: '21.0.8'
Driver info: org.openqa.selenium.chrome.ChromeDriver
Command: [fe46031c019402083e3462bce31453f6, clickElement {id=f.1A8ED170CBB92A5C7D18DAB9A5C2BFEE.d.EFDAB78160A8A878E8250A636400A30D.e.38}]
Capabilities {acceptInsecureCerts: false, browserName: chrome, browserVersion: 142.0.7444.59, chrome: {chromedriverVersion: 142.0.7444.59 (4b8153ab58d3..., userDataDir: C:\Users\SUJITHA\AppData\Lo...}, fedcm:accounts: true, goog:chromeOptions: {debuggerAddress: localhost:12761}, goog:processID: 2092, networkConnectionEnabled: false, pageLoadStrategy: normal, platformName: windows, proxy: Proxy(), se:cdp: ws://localhost:12761/devtoo..., se:cdpVersion: 142.0.7444.59, setWindowRect: true, strictFileInteractability: false, timeouts: {implicit: 0, pageLoad: 300000, script: 30000}, unhandledPromptBehavior: dismiss and notify, webauthn:extension:credBlob: true, webauthn:extension:largeBlob: true, webauthn:extension:minPinLength: true, webauthn:extension:prf: true, webauthn:virtualAuthenticators: true}
Element: [[ChromeDriver: chrome on windows (fe46031c019402083e3462bce31453f6)] -> xpath: //a[text()='Login']]
Session ID: fe46031c019402083e3462bce31453f6
